  20242.cpp
C:\Users\delux\OneDrive\Documentos\Proyecto final Laboratorio\Final\include\shader_m.h(44,40): warning C4101: 'e': variable local sin referencia
  (compilando archivo de origen "20242.cpp")
  
C:\Users\delux\OneDrive\Documentos\Proyecto final Laboratorio\Final\include\mesh.h(88,50): warning C4267: 'argumento': conversión de 'size_t' a 'GLsizei'; posible pérdida de datos
  (compilando archivo de origen "20242.cpp")
  
C:\Users\delux\OneDrive\Documentos\Proyecto final Laboratorio\Final\include\meshAnim.h(116,50): warning C4267: 'argumento': conversión de 'size_t' a 'GLsizei'; posible pérdida de datos
  (compilando archivo de origen "20242.cpp")
  
C:\Users\delux\OneDrive\Documentos\Proyecto final Laboratorio\Final\include\modelAnim.h(104,44): warning C4244: '=': conversión de 'double' a 'float'; posible pérdida de datos
  (compilando archivo de origen "20242.cpp")
  
C:\Users\delux\OneDrive\Documentos\Proyecto final Laboratorio\Final\include\modelAnim.h(520,24): warning C4244: 'inicializando': conversión de 'double' a 'float'; posible pérdida de datos
  (compilando archivo de origen "20242.cpp")
  
C:\Users\delux\OneDrive\Documentos\Proyecto final Laboratorio\Final\20242.cpp(617,27): warning C4244: '=': conversión de 'Uint64' a 'double'; posible pérdida de datos
C:\Users\delux\OneDrive\Documentos\Proyecto final Laboratorio\Final\20242.cpp(1398,11): warning C4244: '=': conversión de 'double' a 'GLfloat'; posible pérdida de datos
C:\Users\delux\OneDrive\Documentos\Proyecto final Laboratorio\Final\20242.cpp(1399,11): warning C4244: '=': conversión de 'double' a 'GLfloat'; posible pérdida de datos
C:\Users\delux\OneDrive\Documentos\Proyecto final Laboratorio\Final\20242.cpp(1406,10): warning C4244: '=': conversión de 'double' a 'GLfloat'; posible pérdida de datos
C:\Users\delux\OneDrive\Documentos\Proyecto final Laboratorio\Final\20242.cpp(1407,10): warning C4244: '=': conversión de 'double' a 'GLfloat'; posible pérdida de datos
C:\Users\delux\OneDrive\Documentos\Proyecto final Laboratorio\Final\20242.cpp(1409,39): warning C4244: 'argumento': conversión de 'double' a 'float'; posible pérdida de datos
C:\Users\delux\OneDrive\Documentos\Proyecto final Laboratorio\Final\20242.cpp(1409,30): warning C4244: 'argumento': conversión de 'double' a 'float'; posible pérdida de datos
C:\Users\delux\OneDrive\Documentos\Proyecto final Laboratorio\Final\20242.cpp(1414,28): warning C4244: 'argumento': conversión de 'double' a 'float'; posible pérdida de datos
LINK : warning LNK4098: la biblioteca predeterminada'MSVCRT' entra en conflicto con otras bibliotecas; use la biblioteca /NODEFAULTLIB:biblioteca
  Final.vcxproj -> C:\Users\delux\OneDrive\Documentos\Proyecto final Laboratorio\x64\Debug\Final.exe
